[2026-01-14 20:46:58] ========================================
[2026-01-14 20:46:58] PRINTER DEBUG LOG STARTED
[2026-01-14 20:46:58] Time: 2026-01-14 20:46:58
[2026-01-14 20:46:58] ========================================
[2026-01-14 21:33:08] ========================================
[2026-01-14 21:33:08] PRINTER DEBUG LOG STARTED
[2026-01-14 21:33:08] Time: 2026-01-14 21:33:08
[2026-01-14 21:33:08] ========================================
[2026-01-14 21:33:32] ========================================
[2026-01-14 21:33:33] PRINTER DEBUG LOG STARTED
[2026-01-14 21:33:33] Time: 2026-01-14 21:33:33
[2026-01-14 21:33:33] ========================================
[2026-01-14 21:54:24] ========================================
[2026-01-14 21:54:24] PRINTER DEBUG LOG STARTED
[2026-01-14 21:54:24] Time: 2026-01-14 21:54:24
[2026-01-14 21:54:24] ========================================
[2026-01-14 21:54:41] ========================================
[2026-01-14 21:54:41] PRINTER DEBUG LOG STARTED
[2026-01-14 21:54:41] Time: 2026-01-14 21:54:41
[2026-01-14 21:54:42] ========================================
[2026-01-14 21:56:34] ========================================
[2026-01-14 21:56:34] PRINTER DEBUG LOG CLOSED
[2026-01-14 21:56:34] ========================================
[2026-01-14 21:57:35] ========================================
[2026-01-14 21:57:35] PRINTER DEBUG LOG STARTED
[2026-01-14 21:57:35] Time: 2026-01-14 21:57:35
[2026-01-14 21:57:35] ========================================
[2026-01-14 21:58:12] ========== SET DEFAULT PRINTER ==========
[2026-01-14 21:58:12] Printer Name: OneNote for Windows 10
[2026-01-14 21:58:12] SUCCESS: Printer 'OneNote for Windows 10' berhasil di set sebagai default
[2026-01-14 21:58:12] Paper Size: 58mm, Auto Print: false
[2026-01-14 21:58:12] Verification: OK
[2026-01-14 21:58:12] ========================================
[2026-01-14 22:08:20] ========================================
[2026-01-14 22:08:20] PRINTER DEBUG LOG STARTED
[2026-01-14 22:08:20] Time: 2026-01-14 22:08:20
[2026-01-14 22:08:20] ========================================
[2026-01-14 22:18:12] ========================================
[2026-01-14 22:18:12] PRINTER DEBUG LOG STARTED
[2026-01-14 22:18:12] Time: 2026-01-14 22:18:12
[2026-01-14 22:18:12] ========================================
[2026-01-14 22:22:17] ========================================
[2026-01-14 22:22:17] PRINTER DEBUG LOG STARTED
[2026-01-14 22:22:17] Time: 2026-01-14 22:22:17
[2026-01-14 22:22:17] ========================================
[2026-01-14 22:22:30] ========================================
[2026-01-14 22:22:31] PRINTER DEBUG LOG CLOSED
[2026-01-14 22:22:31] ========================================
[2026-01-15 06:48:36] ========================================
[2026-01-15 06:48:36] PRINTER DEBUG LOG STARTED
[2026-01-15 06:48:36] Time: 2026-01-15 06:48:36
[2026-01-15 06:48:36] ========================================
[2026-01-15 07:00:24] ========================================
[2026-01-15 07:00:24] PRINTER DEBUG LOG CLOSED
[2026-01-15 07:00:24] ========================================
[2026-01-15 07:04:17] ========================================
[2026-01-15 07:04:18] PRINTER DEBUG LOG STARTED
[2026-01-15 07:04:18] Time: 2026-01-15 07:04:18
[2026-01-15 07:04:18] ========================================
[2026-01-15 07:15:44] ========================================
[2026-01-15 07:15:45] PRINTER DEBUG LOG CLOSED
[2026-01-15 07:15:45] ========================================
[2026-01-15 07:19:51] ========================================
[2026-01-15 07:19:51] PRINTER DEBUG LOG STARTED
[2026-01-15 07:19:51] Time: 2026-01-15 07:19:51
[2026-01-15 07:19:51] ========================================
[2026-01-15 08:10:32] ========================================
[2026-01-15 08:10:32] PRINTER DEBUG LOG STARTED
[2026-01-15 08:10:32] Time: 2026-01-15 08:10:32
[2026-01-15 08:10:32] ========================================
[2026-01-15 09:01:15] ========================================
[2026-01-15 09:01:15] PRINTER DEBUG LOG STARTED
[2026-01-15 09:01:15] Time: 2026-01-15 09:01:15
[2026-01-15 09:01:15] ========================================
[2026-01-15 09:57:28] ========================================
[2026-01-15 09:57:29] PRINTER DEBUG LOG STARTED
[2026-01-15 09:57:29] Time: 2026-01-15 09:57:29
[2026-01-15 09:57:29] ========================================
[2026-01-15 09:58:57] ========================================
[2026-01-15 09:58:57] PRINTER DEBUG LOG CLOSED
[2026-01-15 09:58:57] ========================================
[2026-01-15 10:19:36] ========================================
[2026-01-15 10:19:36] PRINTER DEBUG LOG STARTED
[2026-01-15 10:19:36] Time: 2026-01-15 10:19:36
[2026-01-15 10:19:36] ========================================
[2026-01-15 10:25:46] ========================================
[2026-01-15 10:25:46] PRINTER DEBUG LOG STARTED
[2026-01-15 10:25:46] Time: 2026-01-15 10:25:46
[2026-01-15 10:25:46] ========================================
[2026-01-15 10:36:01] ========================================
[2026-01-15 10:36:01] PRINTER DEBUG LOG STARTED
[2026-01-15 10:36:01] Time: 2026-01-15 10:36:01
[2026-01-15 10:36:02] ========================================
[2026-01-15 10:39:32] ========================================
[2026-01-15 10:39:32] PRINTER DEBUG LOG STARTED
[2026-01-15 10:39:32] Time: 2026-01-15 10:39:32
[2026-01-15 10:39:32] ========================================
[2026-01-15 10:46:45] ========================================
[2026-01-15 10:46:45] PRINTER DEBUG LOG STARTED
[2026-01-15 10:46:45] Time: 2026-01-15 10:46:45
[2026-01-15 10:46:45] ========================================
[2026-01-15 11:06:54] ========================================
[2026-01-15 11:06:54] PRINTER DEBUG LOG STARTED
[2026-01-15 11:06:54] Time: 2026-01-15 11:06:54
[2026-01-15 11:06:54] ========================================
[2026-01-15 11:15:38] ========================================
[2026-01-15 11:15:38] PRINTER DEBUG LOG STARTED
[2026-01-15 11:15:38] Time: 2026-01-15 11:15:38
[2026-01-15 11:15:38] ========================================
[2026-01-15 11:23:13] ========================================
[2026-01-15 11:23:13] PRINTER DEBUG LOG STARTED
[2026-01-15 11:23:13] Time: 2026-01-15 11:23:13
[2026-01-15 11:23:13] ========================================
[2026-01-15 11:34:36] ========================================
[2026-01-15 11:34:36] PRINTER DEBUG LOG STARTED
[2026-01-15 11:34:36] Time: 2026-01-15 11:34:36
[2026-01-15 11:34:36] ========================================
[2026-01-15 11:41:18] ========================================
[2026-01-15 11:41:18] PRINTER DEBUG LOG STARTED
[2026-01-15 11:41:18] Time: 2026-01-15 11:41:18
[2026-01-15 11:41:18] ========================================
[2026-01-15 11:44:28] ========================================
[2026-01-15 11:44:28] PRINTER DEBUG LOG STARTED
[2026-01-15 11:44:28] Time: 2026-01-15 11:44:28
[2026-01-15 11:44:29] ========================================
[2026-01-15 11:49:31] ========================================
[2026-01-15 11:49:31] PRINTER DEBUG LOG STARTED
[2026-01-15 11:49:31] Time: 2026-01-15 11:49:31
[2026-01-15 11:49:31] ========================================
[2026-01-15 11:52:49] ========================================
[2026-01-15 11:52:50] PRINTER DEBUG LOG STARTED
[2026-01-15 11:52:50] Time: 2026-01-15 11:52:50
[2026-01-15 11:52:50] ========================================
[2026-01-15 11:53:01] ========================================
[2026-01-15 11:53:01] PRINTER DEBUG LOG CLOSED
[2026-01-15 11:53:01] ========================================
[2026-01-15 11:58:52] ========================================
[2026-01-15 11:58:52] PRINTER DEBUG LOG STARTED
[2026-01-15 11:58:52] Time: 2026-01-15 11:58:52
[2026-01-15 11:58:52] ========================================
[2026-01-15 12:04:40] ========================================
[2026-01-15 12:04:40] PRINTER DEBUG LOG STARTED
[2026-01-15 12:04:40] Time: 2026-01-15 12:04:40
[2026-01-15 12:04:40] ========================================
[2026-01-15 12:07:34] ========================================
[2026-01-15 12:07:34] PRINTER DEBUG LOG CLOSED
[2026-01-15 12:07:35] ========================================
[2026-01-15 12:22:01] ========================================
[2026-01-15 12:22:01] PRINTER DEBUG LOG STARTED
[2026-01-15 12:22:01] Time: 2026-01-15 12:22:01
[2026-01-15 12:22:01] ========================================
[2026-01-15 12:38:25] ========================================
[2026-01-15 12:38:25] PRINTER DEBUG LOG STARTED
[2026-01-15 12:38:25] Time: 2026-01-15 12:38:25
[2026-01-15 12:38:25] ========================================
[2026-01-15 12:48:30] ========================================
[2026-01-15 12:48:30] PRINTER DEBUG LOG STARTED
[2026-01-15 12:48:30] Time: 2026-01-15 12:48:30
[2026-01-15 12:48:30] ========================================
[2026-01-15 12:49:59] ========================================
[2026-01-15 12:49:59] PRINTER DEBUG LOG CLOSED
[2026-01-15 12:50:00] ========================================
[2026-01-15 13:37:42] ========================================
[2026-01-15 13:37:42] PRINTER DEBUG LOG STARTED
[2026-01-15 13:37:42] Time: 2026-01-15 13:37:42
[2026-01-15 13:37:42] ========================================
[2026-01-15 13:38:28] ========================================
[2026-01-15 13:38:28] PRINTER DEBUG LOG CLOSED
[2026-01-15 13:38:28] ========================================
[2026-01-15 13:47:39] ========================================
[2026-01-15 13:47:39] PRINTER DEBUG LOG STARTED
[2026-01-15 13:47:39] Time: 2026-01-15 13:47:39
[2026-01-15 13:47:39] ========================================
[2026-01-15 13:51:34] ========================================
[2026-01-15 13:51:34] PRINTER DEBUG LOG STARTED
[2026-01-15 13:51:34] Time: 2026-01-15 13:51:34
[2026-01-15 13:51:34] ========================================
[2026-01-15 13:52:08] ========================================
[2026-01-15 13:52:08] PRINTER DEBUG LOG CLOSED
[2026-01-15 13:52:08] ========================================
[2026-01-15 13:57:04] ========================================
[2026-01-15 13:57:04] PRINTER DEBUG LOG STARTED
[2026-01-15 13:57:04] Time: 2026-01-15 13:57:04
[2026-01-15 13:57:04] ========================================
[2026-01-15 14:03:10] ========================================
[2026-01-15 14:03:10] PRINTER DEBUG LOG STARTED
[2026-01-15 14:03:10] Time: 2026-01-15 14:03:10
[2026-01-15 14:03:10] ========================================
[2026-01-15 14:57:24] ========================================
[2026-01-15 15:21:55] ========================================
[2026-01-15 15:21:55] PRINTER DEBUG LOG STARTED
[2026-01-15 15:21:55] Time: 2026-01-15 15:21:55
[2026-01-15 15:21:55] ========================================
[2026-01-15 15:35:14] ========================================
[2026-01-15 15:35:14] PRINTER DEBUG LOG STARTED
[2026-01-15 15:35:14] Time: 2026-01-15 15:35:14
[2026-01-15 15:35:14] ========================================
[2026-01-15 15:46:58] ========================================
[2026-01-15 15:46:58] PRINTER DEBUG LOG STARTED
[2026-01-15 15:46:58] Time: 2026-01-15 15:46:58
[2026-01-15 15:46:58] ========================================
[2026-01-15 15:48:20] ========================================
[2026-01-15 15:48:20] PRINTER DEBUG LOG CLOSED
[2026-01-15 15:48:20] ========================================
[2026-01-15 16:16:14] ========================================
[2026-01-15 16:16:14] PRINTER DEBUG LOG STARTED
[2026-01-15 16:16:14] Time: 2026-01-15 16:16:14
[2026-01-15 16:16:14] ========================================
[2026-01-15 16:20:15] ========================================
[2026-01-15 16:20:15] PRINTER DEBUG LOG STARTED
[2026-01-15 16:20:15] Time: 2026-01-15 16:20:15
[2026-01-15 16:20:15] ========================================
[2026-01-15 16:26:17] ========================================
[2026-01-15 16:26:17] PRINTER DEBUG LOG STARTED
[2026-01-15 16:26:17] Time: 2026-01-15 16:26:17
[2026-01-15 16:26:17] ========================================
[2026-01-15 16:32:08] ========================================
[2026-01-15 16:32:08] PRINTER DEBUG LOG STARTED
[2026-01-15 16:32:08] Time: 2026-01-15 16:32:08
[2026-01-15 16:32:08] ========================================
[2026-01-15 16:36:56] ========================================
[2026-01-15 16:36:56] PRINTER DEBUG LOG STARTED
[2026-01-15 16:36:56] Time: 2026-01-15 16:36:56
[2026-01-15 16:36:56] ========================================
[2026-01-15 16:39:56] ========================================
[2026-01-15 16:39:56] PRINTER DEBUG LOG CLOSED
[2026-01-15 16:39:56] ========================================
[2026-01-15 16:45:38] ========================================
[2026-01-15 16:45:38] PRINTER DEBUG LOG STARTED
[2026-01-15 16:45:39] Time: 2026-01-15 16:45:39
[2026-01-15 16:45:39] ========================================
[2026-01-15 16:47:08] ========================================
[2026-01-15 16:47:08] PRINTER DEBUG LOG CLOSED
[2026-01-15 16:47:08] ========================================
[2026-01-15 16:52:04] ========================================
[2026-01-15 16:52:05] PRINTER DEBUG LOG STARTED
[2026-01-15 16:52:05] Time: 2026-01-15 16:52:05
[2026-01-15 16:52:05] ========================================
[2026-01-15 17:00:39] ========================================
[2026-01-15 17:00:39] PRINTER DEBUG LOG STARTED
[2026-01-15 17:00:39] Time: 2026-01-15 17:00:39
[2026-01-15 17:00:39] ========================================
[2026-01-15 17:01:51] ========================================
[2026-01-15 17:01:51] PRINTER DEBUG LOG CLOSED
[2026-01-15 17:01:51] ========================================
[2026-01-15 17:12:02] ========================================
[2026-01-15 17:12:02] PRINTER DEBUG LOG STARTED
[2026-01-15 17:12:02] Time: 2026-01-15 17:12:02
[2026-01-15 17:12:02] ========================================
[2026-01-15 17:30:37] ========================================
[2026-01-15 17:30:37] PRINTER DEBUG LOG STARTED
[2026-01-15 17:30:37] Time: 2026-01-15 17:30:37
[2026-01-15 17:30:37] ========================================
[2026-01-15 17:44:04] ========================================
[2026-01-15 17:44:04] PRINTER DEBUG LOG STARTED
[2026-01-15 17:44:04] Time: 2026-01-15 17:44:04
[2026-01-15 17:44:04] ========================================
[2026-01-15 17:54:11] ========================================
[2026-01-15 17:54:11] PRINTER DEBUG LOG STARTED
[2026-01-15 17:54:11] Time: 2026-01-15 17:54:11
[2026-01-15 17:54:11] ========================================
[2026-01-15 17:59:30] ========================================
[2026-01-15 17:59:30] PRINTER DEBUG LOG STARTED
[2026-01-15 17:59:30] Time: 2026-01-15 17:59:30
[2026-01-15 17:59:30] ========================================
[2026-01-15 18:11:58] ========================================
[2026-01-15 18:11:58] PRINTER DEBUG LOG STARTED
[2026-01-15 18:11:58] Time: 2026-01-15 18:11:58
[2026-01-15 18:11:58] ========================================
[2026-01-15 18:13:02] ========================================
[2026-01-15 18:13:02] PRINTER DEBUG LOG CLOSED
[2026-01-15 18:13:02] ========================================
[2026-01-15 18:51:14] ========================================
[2026-01-15 18:51:14] PRINTER DEBUG LOG STARTED
[2026-01-15 18:51:14] Time: 2026-01-15 18:51:14
[2026-01-15 18:51:14] ========================================
[2026-01-15 18:52:26] ========================================
[2026-01-15 18:52:26] PRINTER DEBUG LOG CLOSED
[2026-01-15 18:52:26] ========================================
[2026-01-15 19:01:48] ========================================
[2026-01-15 19:01:48] PRINTER DEBUG LOG STARTED
[2026-01-15 19:01:48] Time: 2026-01-15 19:01:48
[2026-01-15 19:01:48] ========================================
[2026-01-15 19:14:00] ========================================
[2026-01-15 19:14:00] PRINTER DEBUG LOG STARTED
[2026-01-15 19:14:00] Time: 2026-01-15 19:14:00
[2026-01-15 19:14:00] ========================================
[2026-01-15 19:31:01] ========================================
[2026-01-15 19:31:01] PRINTER DEBUG LOG STARTED
[2026-01-15 19:31:01] Time: 2026-01-15 19:31:01
[2026-01-15 19:31:01] ========================================
[2026-01-15 19:31:43] ========================================
[2026-01-15 19:36:44] ========================================
[2026-01-15 19:36:44] PRINTER DEBUG LOG STARTED
[2026-01-15 19:36:44] Time: 2026-01-15 19:36:44
[2026-01-15 19:36:44] ========================================
[2026-01-15 20:13:09] ========================================
[2026-01-15 20:13:09] PRINTER DEBUG LOG STARTED
[2026-01-15 20:13:09] Time: 2026-01-15 20:13:09
[2026-01-15 20:13:09] ========================================
[2026-01-15 20:15:44] ========================================
[2026-01-15 20:15:44] PRINTER DEBUG LOG STARTED
[2026-01-15 20:15:44] Time: 2026-01-15 20:15:44
[2026-01-15 20:15:44] ========================================
[2026-01-15 20:35:24] ========================================
[2026-01-15 20:35:24] PRINTER DEBUG LOG STARTED
[2026-01-15 20:35:24] Time: 2026-01-15 20:35:24
[2026-01-15 20:35:24] ========================================
[2026-01-15 20:51:27] ========================================
[2026-01-15 20:51:27] PRINTER DEBUG LOG STARTED
[2026-01-15 20:51:27] Time: 2026-01-15 20:51:27
[2026-01-15 20:51:27] ========================================
[2026-01-15 20:53:42] ========================================
[2026-01-15 20:53:42] PRINTER DEBUG LOG STARTED
[2026-01-15 20:53:42] Time: 2026-01-15 20:53:42
[2026-01-15 20:53:42] ========================================
[2026-01-15 21:37:38] ========================================
[2026-01-15 21:37:38] PRINTER DEBUG LOG STARTED
[2026-01-15 21:37:38] Time: 2026-01-15 21:37:38
[2026-01-15 21:37:38] ========================================
[2026-01-15 21:51:54] ========================================
[2026-01-15 21:51:54] PRINTER DEBUG LOG CLOSED
[2026-01-15 21:51:55] ========================================
[2026-01-15 22:33:39] ========================================
[2026-01-15 22:33:39] PRINTER DEBUG LOG STARTED
[2026-01-15 22:33:39] Time: 2026-01-15 22:33:39
[2026-01-15 22:33:39] ========================================
[2026-01-15 22:41:54] ========================================
[2026-01-15 22:41:54] PRINTER DEBUG LOG STARTED
[2026-01-15 22:41:54] Time: 2026-01-15 22:41:54
[2026-01-15 22:41:54] ========================================
[2026-01-15 22:55:15] ========================================
[2026-01-15 22:55:16] PRINTER DEBUG LOG CLOSED
[2026-01-15 22:55:16] ========================================
[2026-01-15 23:36:17] ========================================
[2026-01-15 23:36:17] PRINTER DEBUG LOG STARTED
[2026-01-15 23:36:17] Time: 2026-01-15 23:36:17
[2026-01-15 23:36:17] ========================================
[2026-01-15 23:42:56] ========================================
[2026-01-15 23:42:56] PRINTER DEBUG LOG CLOSED
[2026-01-15 23:42:56] ========================================
[2026-01-15 23:45:17] ========================================
[2026-01-15 23:45:17] PRINTER DEBUG LOG STARTED
[2026-01-15 23:45:17] Time: 2026-01-15 23:45:17
[2026-01-15 23:45:17] ========================================
[2026-01-15 23:51:58] ========================================
[2026-01-15 23:51:58] PRINTER DEBUG LOG STARTED
[2026-01-15 23:51:58] Time: 2026-01-15 23:51:58
[2026-01-15 23:51:58] ========================================
[2026-01-15 23:55:42] ========================================
[2026-01-15 23:55:42] PRINTER DEBUG LOG STARTED
[2026-01-15 23:55:42] Time: 2026-01-15 23:55:42
[2026-01-15 23:55:42] ========================================
[2026-01-16 00:11:43] ========================================
[2026-01-16 00:11:43] PRINTER DEBUG LOG STARTED
[2026-01-16 00:11:43] Time: 2026-01-16 00:11:43
[2026-01-16 00:11:43] ========================================
[2026-01-16 00:17:42] ========================================
[2026-01-16 00:17:42] PRINTER DEBUG LOG STARTED
[2026-01-16 00:17:42] Time: 2026-01-16 00:17:42
[2026-01-16 00:17:42] ========================================
[2026-01-16 00:28:47] ========================================
[2026-01-16 00:28:47] PRINTER DEBUG LOG STARTED
[2026-01-16 00:28:47] Time: 2026-01-16 00:28:47
[2026-01-16 00:28:47] ========================================
[2026-01-16 00:30:01] ========================================
[2026-01-16 00:30:01] PRINTER DEBUG LOG CLOSED
[2026-01-16 00:30:01] ========================================
[2026-01-16 00:31:03] ========================================
[2026-01-16 00:31:03] PRINTER DEBUG LOG STARTED
[2026-01-16 00:31:03] Time: 2026-01-16 00:31:03
[2026-01-16 00:31:03] ========================================
[2026-01-16 00:33:40] ========================================
[2026-01-16 00:33:40] PRINTER DEBUG LOG STARTED
[2026-01-16 00:33:40] Time: 2026-01-16 00:33:40
[2026-01-16 00:33:40] ========================================
[2026-01-16 06:57:48] ========================================
[2026-01-16 06:57:48] PRINTER DEBUG LOG STARTED
[2026-01-16 06:57:48] Time: 2026-01-16 06:57:48
[2026-01-16 06:57:48] ========================================
[2026-01-16 07:06:24] ========================================
[2026-01-16 07:06:24] PRINTER DEBUG LOG STARTED
[2026-01-16 07:06:24] Time: 2026-01-16 07:06:24
[2026-01-16 07:06:24] ========================================
[2026-01-16 07:13:16] ========================================
[2026-01-16 07:13:16] PRINTER DEBUG LOG CLOSED
[2026-01-16 07:13:16] ========================================
[2026-01-16 07:20:42] ========================================
[2026-01-16 07:20:42] PRINTER DEBUG LOG STARTED
[2026-01-16 07:20:42] Time: 2026-01-16 07:20:42
[2026-01-16 07:20:42] ========================================
[2026-01-16 07:28:24] ========================================
[2026-01-16 07:28:24] PRINTER DEBUG LOG CLOSED
[2026-01-16 07:28:24] ========================================
[2026-01-16 07:33:35] ========================================
[2026-01-16 07:33:35] PRINTER DEBUG LOG STARTED
[2026-01-16 07:33:35] Time: 2026-01-16 07:33:35
[2026-01-16 07:33:36] ========================================
[2026-01-16 07:56:21] ========================================
[2026-01-16 07:56:21] PRINTER DEBUG LOG STARTED
[2026-01-16 07:56:21] Time: 2026-01-16 07:56:21
[2026-01-16 07:56:21] ========================================
[2026-01-16 08:11:25] ========================================
[2026-01-16 08:11:25] PRINTER DEBUG LOG STARTED
[2026-01-16 08:11:25] Time: 2026-01-16 08:11:25
[2026-01-16 08:11:25] ========================================
[2026-01-16 08:21:32] ========================================
[2026-01-16 08:21:32] PRINTER DEBUG LOG STARTED
[2026-01-16 08:21:32] Time: 2026-01-16 08:21:32
[2026-01-16 08:21:32] ========================================
[2026-01-16 08:25:13] ========================================
[2026-01-16 08:25:13] PRINTER DEBUG LOG CLOSED
[2026-01-16 08:25:13] ========================================
[2026-01-16 09:53:01] ========================================
[2026-01-16 09:53:01] PRINTER DEBUG LOG STARTED
[2026-01-16 09:53:01] Time: 2026-01-16 09:53:01
[2026-01-16 09:53:01] ========================================
[2026-01-16 09:57:48] ========================================
[2026-01-16 09:57:48] PRINTER DEBUG LOG STARTED
[2026-01-16 09:57:48] Time: 2026-01-16 09:57:48
[2026-01-16 09:57:48] ========================================
[2026-01-16 10:09:23] ========================================
[2026-01-16 10:09:23] PRINTER DEBUG LOG STARTED
[2026-01-16 10:09:23] Time: 2026-01-16 10:09:23
[2026-01-16 10:09:23] ========================================
[2026-01-16 10:10:36] ========================================
[2026-01-16 10:10:36] PRINTER DEBUG LOG CLOSED
[2026-01-16 10:10:36] ========================================
[2026-01-16 10:18:00] ========================================
[2026-01-16 10:18:00] PRINTER DEBUG LOG STARTED
[2026-01-16 10:18:00] Time: 2026-01-16 10:18:00
[2026-01-16 10:18:00] ========================================
[2026-01-16 10:19:06] ========================================
[2026-01-16 10:19:06] PRINTER DEBUG LOG CLOSED
[2026-01-16 10:19:06] ========================================
[2026-01-16 10:22:33] ========================================
[2026-01-16 10:22:33] PRINTER DEBUG LOG STARTED
[2026-01-16 10:22:33] Time: 2026-01-16 10:22:33
[2026-01-16 10:22:33] ========================================
[2026-01-16 11:01:54] ========================================
[2026-01-16 11:01:54] PRINTER DEBUG LOG STARTED
[2026-01-16 11:01:54] Time: 2026-01-16 11:01:54
[2026-01-16 11:01:54] ========================================
[2026-01-16 11:02:35] ========================================
[2026-01-16 11:02:35] PRINTER DEBUG LOG CLOSED
[2026-01-16 11:02:35] ========================================
[2026-01-16 11:16:05] ========================================
[2026-01-16 11:16:05] PRINTER DEBUG LOG STARTED
[2026-01-16 11:16:05] Time: 2026-01-16 11:16:05
[2026-01-16 11:16:06] ========================================
[2026-01-16 11:16:25] ========================================
[2026-01-16 11:16:25] PRINTER DEBUG LOG CLOSED
[2026-01-16 11:16:25] ========================================
[2026-01-16 11:20:03] ========================================
[2026-01-16 11:20:03] PRINTER DEBUG LOG STARTED
[2026-01-16 11:20:03] Time: 2026-01-16 11:20:03
[2026-01-16 11:20:03] ========================================
[2026-01-16 11:28:57] ========================================
[2026-01-16 11:28:57] PRINTER DEBUG LOG STARTED
[2026-01-16 11:28:57] Time: 2026-01-16 11:28:57
[2026-01-16 11:28:57] ========================================
[2026-01-16 11:31:27] ========================================
[2026-01-16 11:31:27] PRINTER DEBUG LOG CLOSED
[2026-01-16 11:31:27] ========================================
[2026-01-16 11:37:26] ========================================
[2026-01-16 11:37:27] PRINTER DEBUG LOG STARTED
[2026-01-16 11:37:27] Time: 2026-01-16 11:37:27
[2026-01-16 11:37:27] ========================================
[2026-01-16 11:40:12] ========================================
[2026-01-16 11:40:12] PRINTER DEBUG LOG STARTED
[2026-01-16 11:40:12] Time: 2026-01-16 11:40:12
[2026-01-16 11:40:12] ========================================
[2026-01-16 11:42:28] ========================================
[2026-01-16 11:42:28] PRINTER DEBUG LOG STARTED
[2026-01-16 11:42:28] Time: 2026-01-16 11:42:28
[2026-01-16 11:42:28] ========================================
[2026-01-16 11:45:28] ========================================
[2026-01-16 11:45:28] PRINTER DEBUG LOG STARTED
[2026-01-16 11:45:28] Time: 2026-01-16 11:45:28
[2026-01-16 11:45:28] ========================================
[2026-01-16 11:47:44] ========================================
[2026-01-16 11:47:44] PRINTER DEBUG LOG STARTED
[2026-01-16 11:47:44] Time: 2026-01-16 11:47:44
[2026-01-16 11:47:44] ========================================
[2026-01-16 12:38:24] ========================================
[2026-01-16 12:38:24] PRINTER DEBUG LOG STARTED
[2026-01-16 12:38:24] Time: 2026-01-16 12:38:24
[2026-01-16 12:38:24] ========================================
[2026-01-16 12:38:37] ========================================
[2026-01-16 12:38:37] PRINTER DEBUG LOG CLOSED
[2026-01-16 12:38:37] ========================================
[2026-01-16 12:47:47] ========================================
[2026-01-16 12:47:47] PRINTER DEBUG LOG STARTED
[2026-01-16 12:47:47] Time: 2026-01-16 12:47:47
[2026-01-16 12:47:47] ========================================
[2026-01-16 13:48:02] ========================================
[2026-01-16 13:48:02] PRINTER DEBUG LOG STARTED
[2026-01-16 13:48:02] Time: 2026-01-16 13:48:02
[2026-01-16 13:48:03] ========================================
[2026-01-16 13:50:29] ========================================
[2026-01-16 13:50:29] PRINTER DEBUG LOG CLOSED
[2026-01-16 13:50:29] ========================================
